<?xml version="1.0" encoding="UTF-8"?>
<testsuite name="com.bank909.atm.AtmApplicationTests" tests="1" skipped="0" failures="0" errors="0" timestamp="2021-04-30T00:50:01" hostname="MFPC02DX36HMD6R" time="0.351">
  <properties/>
  <testcase name="contextLoads()" classname="com.bank909.atm.AtmApplicationTests" time="0.351"/>
  <system-out><![CDATA[19:49:59.389 [Test worker] DEBUG org.springframework.test.context.BootstrapUtils - Instantiating CacheAwareContextLoaderDelegate from class [org.springframework.test.context.cache.DefaultCacheAwareContextLoaderDelegate]
19:49:59.400 [Test worker] DEBUG org.springframework.test.context.BootstrapUtils - Instantiating BootstrapContext using constructor [public org.springframework.test.context.support.DefaultBootstrapContext(java.lang.Class,org.springframework.test.context.CacheAwareContextLoaderDelegate)]
19:49:59.431 [Test worker] DEBUG org.springframework.test.context.BootstrapUtils - Instantiating TestContextBootstrapper for test class [com.bank909.atm.AtmApplicationTests] from class [org.springframework.boot.test.context.SpringBootTestContextBootstrapper]
19:49:59.441 [Test worker] INFO org.springframework.boot.test.context.SpringBootTestContextBootstrapper - Neither @ContextConfiguration nor @ContextHierarchy found for test class [com.bank909.atm.AtmApplicationTests], using SpringBootContextLoader
19:49:59.444 [Test worker] DEBUG org.springframework.test.context.support.AbstractContextLoader - Did not detect default resource location for test class [com.bank909.atm.AtmApplicationTests]: class path resource [com/bank909/atm/AtmApplicationTests-context.xml] does not exist
19:49:59.444 [Test worker] DEBUG org.springframework.test.context.support.AbstractContextLoader - Did not detect default resource location for test class [com.bank909.atm.AtmApplicationTests]: class path resource [com/bank909/atm/AtmApplicationTestsContext.groovy] does not exist
19:49:59.444 [Test worker] INFO org.springframework.test.context.support.AbstractContextLoader - Could not detect default resource locations for test class [com.bank909.atm.AtmApplicationTests]: no resource found for suffixes {-context.xml, Context.groovy}.
19:49:59.445 [Test worker] INFO org.springframework.test.context.support.AnnotationConfigContextLoaderUtils - Could not detect default configuration classes for test class [com.bank909.atm.AtmApplicationTests]: AtmApplicationTests does not declare any static, non-private, non-final, nested classes annotated with @Configuration.
19:49:59.480 [Test worker] DEBUG org.springframework.test.context.support.ActiveProfilesUtils - Could not find an 'annotation declaring class' for annotation type [org.springframework.test.context.ActiveProfiles] and class [com.bank909.atm.AtmApplicationTests]
19:49:59.531 [Test worker] DEBUG org.springframework.context.annotation.ClassPathScanningCandidateComponentProvider - Identified candidate component class: file [/Users/ericroberts/project/personal/atm/build/classes/java/main/com/bank909/atm/AtmApplication.class]
19:49:59.532 [Test worker] INFO org.springframework.boot.test.context.SpringBootTestContextBootstrapper - Found @SpringBootConfiguration com.bank909.atm.AtmApplication for test class com.bank909.atm.AtmApplicationTests
19:49:59.611 [Test worker] DEBUG org.springframework.boot.test.context.SpringBootTestContextBootstrapper - @TestExecutionListeners is not present for class [com.bank909.atm.AtmApplicationTests]: using defaults.
19:49:59.611 [Test worker] INFO org.springframework.boot.test.context.SpringBootTestContextBootstrapper - Loaded default TestExecutionListener class names from location [META-INF/spring.factories]: [org.springframework.boot.test.autoconfigure.restdocs.RestDocsTestExecutionListener, org.springframework.boot.test.autoconfigure.web.client.MockRestServiceServerResetTestExecutionListener, org.springframework.boot.test.autoconfigure.web.servlet.MockMvcPrintOnlyOnFailureTestExecutionListener, org.springframework.boot.test.autoconfigure.web.servlet.WebDriverTestExecutionListener, org.springframework.boot.test.autoconfigure.webservices.client.MockWebServiceServerTestExecutionListener, org.springframework.boot.test.mock.mockito.MockitoTestExecutionListener, org.springframework.boot.test.mock.mockito.ResetMocksTestExecutionListener, org.springframework.test.context.web.ServletTestExecutionListener, org.springframework.test.context.support.DirtiesContextBeforeModesTestExecutionListener, org.springframework.test.context.event.ApplicationEventsTestExecutionListener, org.springframework.test.context.support.DependencyInjectionTestExecutionListener, org.springframework.test.context.support.DirtiesContextTestExecutionListener, org.springframework.test.context.transaction.TransactionalTestExecutionListener, org.springframework.test.context.jdbc.SqlScriptsTestExecutionListener, org.springframework.test.context.event.EventPublishingTestExecutionListener]
19:49:59.617 [Test worker] DEBUG org.springframework.boot.test.context.SpringBootTestContextBootstrapper - Skipping candidate TestExecutionListener [org.springframework.test.context.web.ServletTestExecutionListener] due to a missing dependency. Specify custom listener classes or make the default listener classes and their required dependencies available. Offending class: [javax/servlet/ServletContext]
19:49:59.624 [Test worker] INFO org.springframework.boot.test.context.SpringBootTestContextBootstrapper - Using TestExecutionListeners: [org.springframework.test.context.support.DirtiesContextBeforeModesTestExecutionListener@37c0c4bd, org.springframework.test.context.event.ApplicationEventsTestExecutionListener@653b93e8, org.springframework.boot.test.mock.mockito.MockitoTestExecutionListener@691913a0, org.springframework.boot.test.autoconfigure.SpringBootDependencyInjectionTestExecutionListener@10c0a2, org.springframework.test.context.support.DirtiesContextTestExecutionListener@31c40931, org.springframework.test.context.transaction.TransactionalTestExecutionListener@8d97832, org.springframework.test.context.jdbc.SqlScriptsTestExecutionListener@297cfe9a, org.springframework.test.context.event.EventPublishingTestExecutionListener@2fef2ec7, org.springframework.boot.test.autoconfigure.restdocs.RestDocsTestExecutionListener@3e73278a, org.springframework.boot.test.autoconfigure.web.client.MockRestServiceServerResetTestExecutionListener@7d28d09e, org.springframework.boot.test.autoconfigure.web.servlet.MockMvcPrintOnlyOnFailureTestExecutionListener@33ee798f, org.springframework.boot.test.autoconfigure.web.servlet.WebDriverTestExecutionListener@6521f023, org.springframework.boot.test.autoconfigure.webservices.client.MockWebServiceServerTestExecutionListener@42c9c47a, org.springframework.boot.test.mock.mockito.ResetMocksTestExecutionListener@795e509d]
19:49:59.627 [Test worker] DEBUG org.springframework.test.context.support.AbstractDirtiesContextTestExecutionListener - Before test class: context [DefaultTestContext@7cf0ea87 testClass = AtmApplicationTests, testInstance = [null], testMethod = [null], testException = [null], mergedContextConfiguration = [MergedContextConfiguration@4328cb29 testClass = AtmApplicationTests, locations = '{}', classes = '{class com.bank909.atm.AtmApplication}', contextInitializerClasses = '[]', activeProfiles = '{}', propertySourceLocations = '{}', propertySourceProperties = '{org.springframework.boot.test.context.SpringBootTestContextBootstrapper=true}', contextCustomizers = set[org.springframework.boot.test.autoconfigure.actuate.metrics.MetricsExportContextCustomizerFactory$DisableMetricExportContextCustomizer@7273654a, org.springframework.boot.test.autoconfigure.properties.PropertyMappingContextCustomizer@0, org.springframework.boot.test.autoconfigure.web.servlet.WebDriverContextCustomizerFactory$Customizer@7877a2b0, org.springframework.boot.test.context.filter.ExcludeFilterContextCustomizer@75b8050a, org.springframework.boot.test.json.DuplicateJsonObjectContextCustomizerFactory$DuplicateJsonObjectContextCustomizer@4ea64899, org.springframework.boot.test.mock.mockito.MockitoContextCustomizer@0, org.springframework.boot.test.web.client.TestRestTemplateContextCustomizer@35aaa805, org.springframework.boot.test.context.SpringBootTestArgs@1, org.springframework.boot.test.context.SpringBootTestWebEnvironment@356c7ca], contextLoader = 'org.springframework.boot.test.context.SpringBootContextLoader', parent = [null]], attributes = map[[empty]]], class annotated with @DirtiesContext [false] with mode [null].
19:49:59.640 [Test worker] DEBUG org.springframework.test.context.support.DependencyInjectionTestExecutionListener - Performing dependency injection for test context [[DefaultTestContext@7cf0ea87 testClass = AtmApplicationTests, testInstance = com.bank909.atm.AtmApplicationTests@1ea123d1, testMethod = [null], testException = [null], mergedContextConfiguration = [MergedContextConfiguration@4328cb29 testClass = AtmApplicationTests, locations = '{}', classes = '{class com.bank909.atm.AtmApplication}', contextInitializerClasses = '[]', activeProfiles = '{}', propertySourceLocations = '{}', propertySourceProperties = '{org.springframework.boot.test.context.SpringBootTestContextBootstrapper=true}', contextCustomizers = set[org.springframework.boot.test.autoconfigure.actuate.metrics.MetricsExportContextCustomizerFactory$DisableMetricExportContextCustomizer@7273654a, org.springframework.boot.test.autoconfigure.properties.PropertyMappingContextCustomizer@0, org.springframework.boot.test.autoconfigure.web.servlet.WebDriverContextCustomizerFactory$Customizer@7877a2b0, org.springframework.boot.test.context.filter.ExcludeFilterContextCustomizer@75b8050a, org.springframework.boot.test.json.DuplicateJsonObjectContextCustomizerFactory$DuplicateJsonObjectContextCustomizer@4ea64899, org.springframework.boot.test.mock.mockito.MockitoContextCustomizer@0, org.springframework.boot.test.web.client.TestRestTemplateContextCustomizer@35aaa805, org.springframework.boot.test.context.SpringBootTestArgs@1, org.springframework.boot.test.context.SpringBootTestWebEnvironment@356c7ca], contextLoader = 'org.springframework.boot.test.context.SpringBootContextLoader', parent = [null]], attributes = map['org.springframework.test.context.event.ApplicationEventsTestExecutionListener.recordApplicationEvents' -> false]]].
19:49:59.658 [Test worker] DEBUG org.springframework.test.context.support.TestPropertySourceUtils - Adding inlined properties to environment: {spring.jmx.enabled=false, org.springframework.boot.test.context.SpringBootTestContextBootstrapper=true}

  .   ____          _            __ _ _
 /\\ / ___'_ __ _ _(_)_ __  __ _ \ \ \ \
( ( )\___ | '_ | '_| | '_ \/ _` | \ \ \ \
 \\/  ___)| |_)| | | | | || (_| |  ) ) ) )
  '  |____| .__|_| |_|_| |_\__, | / / / /
 =========|_|==============|___/=/_/_/_/
 :: Spring Boot ::                (v2.4.5)

2021-04-29 19:49:59.860  INFO 2540 --- [    Test worker] com.bank909.atm.AtmApplicationTests      : Starting AtmApplicationTests using Java 1.8.0_281 on MFPC02DX36HMD6R with PID 2540 (started by ericroberts in /Users/ericroberts/project/personal/atm)
2021-04-29 19:49:59.863  INFO 2540 --- [    Test worker] com.bank909.atm.AtmApplicationTests      : No active profile set, falling back to default profiles: default
2021-04-29 19:50:00.205  INFO 2540 --- [    Test worker] .s.d.r.c.RepositoryConfigurationDelegate : Bootstrapping Spring Data JPA repositories in DEFAULT mode.
2021-04-29 19:50:00.245  INFO 2540 --- [    Test worker] .s.d.r.c.RepositoryConfigurationDelegate : Finished Spring Data repository scanning in 33 ms. Found 1 JPA repository interfaces.
2021-04-29 19:50:00.590  INFO 2540 --- [    Test worker] com.zaxxer.hikari.HikariDataSource       : HikariPool-1 - Starting...
2021-04-29 19:50:00.742  INFO 2540 --- [    Test worker] com.zaxxer.hikari.HikariDataSource       : HikariPool-1 - Start completed.
2021-04-29 19:50:00.801  INFO 2540 --- [    Test worker] o.hibernate.jpa.internal.util.LogHelper  : HHH000204: Processing PersistenceUnitInfo [name: default]
2021-04-29 19:50:00.844  INFO 2540 --- [    Test worker] org.hibernate.Version                    : HHH000412: Hibernate ORM core version 5.4.30.Final
2021-04-29 19:50:00.964  INFO 2540 --- [    Test worker] o.hibernate.annotations.common.Version   : HCANN000001: Hibernate Commons Annotations {5.1.2.Final}
2021-04-29 19:50:01.089  INFO 2540 --- [    Test worker] org.hibernate.dialect.Dialect            : HHH000400: Using dialect: org.hibernate.dialect.H2Dialect
2021-04-29 19:50:01.533  INFO 2540 --- [    Test worker] o.h.e.t.j.p.i.JtaPlatformInitiator       : HHH000490: Using JtaPlatform implementation: [org.hibernate.engine.transaction.jta.platform.internal.NoJtaPlatform]
2021-04-29 19:50:01.540  INFO 2540 --- [    Test worker] j.LocalContainerEntityManagerFactoryBean : Initialized JPA EntityManagerFactory for persistence unit 'default'
2021-04-29 19:50:01.911  INFO 2540 --- [    Test worker] com.bank909.atm.AtmApplicationTests      : Started AtmApplicationTests in 2.25 seconds (JVM running for 3.126)
No console available.  Please run this application from a real terminal
]]></system-out>
  <system-err><![CDATA[]]></system-err>
</testsuite>
